<?xml version="1.0" encoding="UTF-8"?>
<testng-results ignored="0" total="1" passed="1" failed="0" skipped="0">
  <reporter-output>
  </reporter-output>
  <suite started-at="2021-01-28T17:19:32 IST" name="Default suite" finished-at="2021-01-28T17:20:42 IST" duration-ms="69885">
    <groups>
    </groups>
    <test started-at="2021-01-28T17:19:32 IST" name="Default test" finished-at="2021-01-28T17:20:42 IST" duration-ms="69885">
      <class name="DriverFactory.Apptest">
        <test-method signature="kickStart()[pri:0, instance:DriverFactory.Apptest@2c1b194a]" started-at="2021-01-28T17:19:32 IST" name="kickStart" finished-at="2021-01-28T17:20:42 IST" duration-ms="69587" status="PASS">
          <reporter-output>
          </reporter-output>
        </test-method> <!-- kickStart -->
      </class> <!-- DriverFactory.Apptest -->
    </test> <!-- Default test -->
  </suite> <!-- Default suite -->
</testng-results>
